4748512	4748534	0
4609189	4609191	0
4702756	4702793	0
4764986	4764995	0
15711545	15711549	0
4917404	4917405	0
7119730	7119736	0
4841125	4841179	0
4810941	4810976	0
4707085	4707089	0
4785973	4786020	0
12532242	12532243	0
4898381	4899091	0.46875
4584786	4584904	0.21875
7084596	7084612	0
4571041	4571104	0
15149869	15149877	0
15673794	15673801	0
4615283	4615421	0.0
4622532	4622565	0
4826984	4827072	0
4641492	4641542	0
4827407	4827538	0
15701843	15701845	0
4589117	4589151	0
4762428	4762449	0
7120790	7120816	0
12469765	12469784	0
4755130	4755167	0
4865039	4865480	0.21875
4886532	4886563	0
4823600	4823764	0.0
4623423	4623477	0
7990832	7990861	0
4800382	4800409	0.0
7092363	7092421	0.46875
4658674	4659215	0
4820912	4821352	0
15732064	15732075	0
12542481	12542627	0.375
15732146	15732159	0
15673150	15673156	0
7158258	7158268	0
15724883	15725362	0.59375
7071784	7072216	1.3125
4574890	4574986	0
12515701	12515708	0
4776510	4776552	0
7169645	7169680	0
8004949	8004963	0
7099053	7099057	0
4553882	4554213	0
12504660	12504678	0
4764996	4765475	1.3125
15707640	15707658	0
4570648	4570955	0.875
12519651	12519748	0
4680453	4680681	0.0
12501608	12501719	0
7111436	7111437	0.5
7163285	7163474	0
15693321	15693352	0.0
12484822	12484858	0
4680301	4680309	0
4629363	4629528	0
12519207	12519212	0
4666137	4666235	0.375
15712031	15712119	0
4513120	4513122	0
15697358	15697425	0
4902835	4902870	0
12473112	12473116	0
7070744	7070746	0
12511777	12511896	0.4375
4543781	4544281	0.21875
12498430	12498449	0
4518228	4518315	0
12531941	12532160	0.375
4514399	4514489	0
4723920	4723973	0
7134713	7134759	0
4533196	4533237	0
4633200	4633217	0
4826793	4826817	0
4540207	4540386	0
15705111	15705163	0
4631783	4631853	0
7081226	7081298	0
15134252	15134347	0.21875
15683347	15683402	0
4834303	4834389	0
4812080	4812625	0.4375
4657091	4657103	0
4658022	4658034	0
15745470	15745472	0
7159375	7159380	0
15145212	15145239	0
7146216	7146250	0
4688138	4688143	0
4884362	4884731	0
15727307	15727310	0
4654132	4654181	0
4657491	4657527	0
15147170	15147867	0.21875
7086298	7086927	1.40625
4817665	4818037	0.4375
15686995	15687005	0
7140866	7140894	0
7130356	7130369	0
12515544	12515567	0
12529410	12529421	0
12516233	12516235	0
4687909	4687912	0
4700240	4700249	0
4803958	4803964	0
4695167	4695189	0
7090390	7090420	0
12504225	12504268	0.46875
4921004	4921058	0
4805252	4805253	0
4859220	4859487	0
4837542	4837805	0
4577036	4577049	0
4766218	4766252	0
7075949	7076048	0.21875
7131845	7132179	0.9375
7089195	7089312	1.625
7161798	7161913	0
15701344	15701360	0
4602397	4602496	0
15700203	15700270	0
12471273	12471346	0
15724564	15724655	0
12485419	12485420	0
7174931	7174943	0
4752405	4752501	0.46875
7984235	7984398	0
4598287	4598323	0.0
15727189	15727192	0
15692715	15692935	0
12518456	12518460	0
7067248	7067305	0.0
15140736	15140973	0
4798018	4798240	0.65625
4885424	4885536	0.21875
15741688	15742125	0.0
15737773	15737812	0
7124741	7124872	0.46875
4578662	4578810	0
7168898	7168905	0
7099069	7099102	0.46875
4747879	4747885	0.46875
4825098	4825100	0
4540970	4540978	0
15727577	15727578	0
7131478	7131497	0
7140768	7140801	0
4653840	4653904	0.21875
4546907	4546930	0
4843541	4843586	0
12507137	12507304	0
7153841	7153849	0
12484750	12484756	0
15672176	15672184	0
4766918	4767344	1.15625
4626275	4626286	0
4564858	4564895	0
4591390	4591585	0.0
4843154	4843490	1.375
4791790	4791812	0
4814468	4814481	0
4579837	4580096	0.21875
15700280	15700292	0
15146123	15146644	0.21875
4809681	4809721	0
7126751	7127219	0.9375
12499997	12500010	0
7070450	7070451	0
4750649	4751030	1.15625
4888467	4889323	0.875
4782089	4782106	0.375
4863439	4863451	0
4546654	4546906	0
14447513	14447550	0
4792814	4792912	0
4671210	4671306	0
15711452	15711456	0
4536107	4536278	0
7138066	7138714	0.65625
12487826	12487830	0
4633516	4633853	0.0
12470746	12470835	0
4535584	4535932	0.0
4527769	4527984	0
4615423	4615605	0
4514631	4514688	0.6875
4797853	4797992	0
4591618	4592232	0.0
15707205	15707531	1.5
4606945	4607406	0.0
4546621	4546645	0
4725418	4725720	0
12472624	12472635	0
4677650	4677791	0
4751031	4751099	0.9375
7146253	7146260	0
4626589	4626863	0.0
4863523	4863630	0
7140933	7141182	0.375
12533260	12533282	0.21875
4807204	4807224	0
4554748	4554769	0
7070887	7070945	0
12477459	12477552	0
4700581	4700878	0.0
15742291	15742329	0.0
7075016	7075069	0
4666493	4666648	0.0
12533137	12533252	0
7132393	7132448	0
4567229	4567677	0.21875
4688116	4688131	0
15726174	15726307	0
15704847	15705109	0.375
4594356	4594727	0.0
4603524	4603632	0
12473705	12473732	0
7137285	7137307	0.0
7173168	7173817	1.96875
4864861	4864868	0
15681028	15681065	0
15717635	15717733	0
4702405	4702409	0
4622311	4622400	0
12484866	12484880	0
12478610	12478673	0
4666837	4666851	0
4816910	4817050	0.0
12480515	12480602	0
4693791	4694364	0.0
4807266	4807312	0
7074716	7075007	0.0
4825255	4825298	0
4768613	4768655	0
4719431	4719946	0
4547180	4547229	0
4636364	4636695	0
4704631	4704633	0
4725221	4725324	0
4754140	4754172	0
7120880	7121378	0.0
7075317	7075528	0
4751328	4751404	0
4676641	4676646	0
4902159	4902410	0
4638294	4638429	0.46875
4701210	4701382	0
4630181	4630670	1.09375
15715759	15716151	0.375
4556812	4557272	0.375
12521313	12521317	0
7994607	7994662	0
4661324	4661424	0
4565053	4565434	0.75
12492066	12492530	0.71875
4798620	4798877	0.21875
4534439	4534616	0
4747824	4747874	0.46875
4652469	4652499	0
4774937	4774944	0
7997805	7998295	0
4602497	4603209	0.0
12504374	12504445	0
12500646	12500780	0
4721716	4721988	0.375
12486110	12486183	0
8005356	8005379	0
15698685	15698737	0
12533500	12533956	0.4375
4679940	4679987	0
15723977	15723989	0.0
15130876	15131319	0.46875
4895820	4895852	0
4694469	4694482	0
4582590	4582608	0
4877928	4877959	0
7088000	7088004	0
4548829	4548878	0
12521070	12521103	0
7980644	7980767	0.21875
4680168	4680176	0
7985675	7985677	0
4838632	4838745	0.21875
12480348	12480512	0
7121383	7121401	0
7093170	7093222	0.21875
4863777	4863815	0
7083410	7084565	4.21875
15140357	15140441	0.375
4538955	4539018	0
4905557	4905781	0
7124322	7124370	0
7092429	7092889	1.125
12495163	12495289	0
12484215	12484227	0
8006078	8006169	0.375
7120526	7120776	0.4375
7118805	7118808	0
4557279	4557281	0
4772513	4772536	0
4514737	4514739	0
4686326	4686327	0.0
4545578	4545585	0
12485950	12485961	0
4632529	4633044	0
7141238	7141390	0
4587459	4587519	0
4656409	4656411	0
7122815	7123609	0.0
4841743	4842892	1.34375
4582371	4582380	0
12512038	12512168	0.59375
15678601	15678607	0
4866647	4866844	0
15742853	15742860	0
4869985	4870062	0
4765909	4766045	0
4780091	4780100	0
4706860	4706942	0
15673731	15673734	0
4910147	4910493	0.90625
4523891	4523893	0
4794740	4794775	0.21875
7134623	7134631	0
4766253	4766564	0.0
7130370	7130487	0
12520980	12521062	0.375
15686934	15686947	0
12538729	12538861	0.21875
4744289	4744323	0
4822677	4822816	0
12498537	12498607	0
4911233	4911312	0.21875
4754016	4754033	0
15686050	15686061	0
4533244	4533357	0
4782044	4782081	0
4652177	4652464	0
7101996	7102793	0.5
4924040	4924164	0
8005526	8005976	1.5
4707350	4707372	0
12490980	12491169	0
4660850	4660891	0
7067312	7067447	0.0
4745479	4745497	0
4793815	4793818	0
4919363	4919623	0
4688399	4688496	0.4375
4764224	4764245	0
15717111	15717130	0
4781947	4782037	0
4839963	4840504	0.21875
4850551	4850646	0
4623271	4623277	0
4782118	4782143	0
4619544	4619587	0
12467289	12467713	0.375
7164307	7164313	0
4862463	4862488	0
4757914	4758052	0
4862728	4863292	0.21875
15136918	15136924	0
4682671	4682928	0.375
15671635	15671637	0
7107146	7107211	0.0
4851060	4851062	0
7113143	7113405	0
4661271	4661320	0
4702301	4702332	0
4746986	4747346	0.46875
4609121	4609126	0
7167948	7168528	0.46875
12487898	12488103	0
4705697	4706016	0
4643682	4643716	0
7085701	7085765	0.46875
12536525	12536674	0
7980484	7980486	0
7160685	7160686	0
7165301	7165314	0
4662041	4662119	0.0
4513441	4513445	0
4805849	4806030	0.21875
4795947	4795961	0
15726512	15726514	0
4886257	4886340	0
14447474	14447511	0
15145663	15145672	0
15130690	15130696	0
4674819	4674996	0.75
4917979	4918029	0
4747391	4747404	0
15671180	15671184	0
4720497	4720621	0
15133942	15134017	0.5
12519222	12519242	0
4785666	4785723	0
4540921	4540924	0
4560982	4561150	0.0
4870313	4870370	0
4600159	4600389	0.0
4540470	4540592	0
7109838	7109933	0.5
7165181	7165238	0
4780103	4780287	0.4375
4822460	4822651	0
4864349	4864420	0
7165016	7165088	0
4843744	4844096	0.375
4807551	4807880	0.0
4845260	4845549	0.0
4657377	4657391	0
15727933	15727937	0
4804155	4804212	0
4865619	4865635	0
7146516	7147013	0.4375
4825088	4825096	0
4822667	4822668	0
7100761	7100776	0.5
4585153	4585177	0
4582618	4582630	0
4751405	4751437	0
7083333	7083366	0
4720484	4720493	0
12503042	12503153	0
15692578	15692603	0
4770225	4771460	0.9375
4581791	4581793	0
4797760	4797846	0.21875
15149483	15149514	0
12504571	12504596	0
8005262	8005285	0.21875
7076738	7077067	0
4826834	4826866	0
4831128	4831397	0.0
4745694	4745818	0
4751987	4752173	0
4569644	4569802	0.21875
4782306	4782318	0
7162004	7162093	0
4656552	4656611	0
15131798	15131830	0
15695540	15695553	0
4549394	4549400	0
15737891	15737929	0
4710417	4710679	1.0625
4884288	4884317	0
4804017	4804036	0
4831749	4832094	0.46875
4519347	4519625	0
7132504	7132669	0.375
4687804	4687902	0
15700346	15700353	0
4581789	4581790	0
4644446	4644510	0
7166038	7166159	0
4667819	4667843	0
4554439	4554468	0
7068029	7068141	0.96875
4653159	4653163	0
4876245	4876515	0.21875
4660571	4660668	0.46875
7066667	7067242	0.96875
4708429	4708439	0
4861144	4861149	0
12533054	12533059	0
4707343	4707349	0
4804401	4804420	0
4540620	4540651	0
4679923	4679936	0
4884905	4885157	0.21875
12505095	12506045	0.90625
4526719	4526721	0
7165738	7165823	0
4595622	4595911	0.0
7172021	7172064	0.0
12497062	12497067	0
15691780	15691794	0
4635965	4635971	0
4707098	4707107	0
4743748	4743822	0
15723946	15723951	0
4818581	4818661	0
4582746	4582769	0
7090157	7090174	0
7990063	7990446	0.6875
4863316	4863396	0
7999117	7999125	0
4546371	4546437	0
4832129	4832130	0
12518586	12518587	0
8004001	8004183	0
4762162	4762200	0
7110823	7110937	0
7130488	7131054	0.9375
4681106	4681217	0
4674358	4674364	0
4821479	4821654	0
12472664	12472992	0
4576287	4577035	1.25
4788450	4788563	0.0
7071291	7071579	0.4375
4880489	4880555	0
4682467	4682650	0
4735375	4735882	0.0
4728714	4728754	0
7099708	7100290	0.375
12497989	12498330	0.0
4899175	4899250	0
7996790	7996797	0
12530416	12530684	0.59375
15708379	15708386	0
4848033	4848082	0
15686911	15686918	0
4612334	4612351	0
4580358	4580744	0.4375
12470264	12470289	0.5
4882910	4882996	0
4863467	4863516	0
4556399	4556605	0
4605393	4605433	0.0
4869778	4869906	0
4686334	4686512	0.65625
15697919	15697928	0
15673807	15673812	0
7170683	7171154	0.65625
4674365	4674399	0
4899258	4899267	0
4614682	4614684	0
4528456	4528457	0
14447941	14447962	0
7127555	7127576	0
8005387	8005423	0
7123641	7123747	0
15677186	15677350	0
4678266	4678267	0
4511477	4511483	0
4784161	4784333	0.0
8001199	8001248	0
4549601	4549608	0
12521119	12521197	0
8001355	8001518	0.21875
7114083	7114109	0
4526916	4526997	0
4831615	4831747	0.0
4836333	4836362	0
8005308	8005350	0
4581611	4581670	0
15677955	15677959	0
7068870	7069065	0.5
12529275	12529336	0.21875
15148673	15149444	0.96875
4751273	4751319	0
4768014	4768251	0.4375
12529629	12529633	0
12485397	12485413	0
4843617	4843655	0.21875
4822176	4822345	0
7132180	7132364	0.46875
4548309	4548474	0
15742549	15742560	0
7134680	7134705	0
4587524	4587535	0
12529468	12529473	0
4732431	4732732	0
4901720	4901750	0
4679747	4679921	0.21875
4540821	4540824	0
4758361	4758500	0.375
7092974	7092979	0
4652783	4652885	0
15131854	15131943	0
4809407	4809499	0.0
15727993	15728000	0
4702581	4702751	0
12491205	12491669	0.9375
4564834	4564856	0
4614298	4614681	0.4375
15674638	15674699	0
15671773	15671783	0
12543305	12543311	0
4660962	4661099	0
4756941	4757725	1.34375
12539406	12539662	0.5
15131708	15131736	0
4760634	4761016	0.375
7073202	7073219	0
4687791	4687794	0
15694533	15694761	0.6875
7985557	7985569	0
7125357	7126127	0.6875
15741064	15741205	0
15708408	15708410	0
4746624	4746642	0
4783639	4783797	0
7177175	7177632	1.40625
15704822	15704837	0.0
15146892	15146953	0
15718528	15718657	0
4660945	4660961	0.46875
4870096	4870128	0
4875963	4876078	0.4375
4654234	4654263	0
4749177	4749511	0.46875
12526070	12526194	0
7110940	7110945	0
4762838	4763720	1.0
4745819	4745822	0
4621762	4621763	0
4701863	4702230	0.0
12519928	12520576	0.375
7132814	7132907	0
4804706	4804925	0.0
4865751	4866271	0.4375
4925093	4925200	0
15673738	15673776	0
4708784	4709059	0.0
15694906	15694915	0
7992204	7992298	0.9375
12511055	12511173	1.1875
7120077	7120138	0
4811112	4811919	0.0
4560724	4560813	0.375
4911929	4912203	0.0
4920053	4920149	0
4670497	4670508	0
12534868	12534936	0
7107212	7107418	0
12525178	12525245	0.0
4593504	4593510	0
15709512	15710010	0
4582384	4582437	0
15743305	15744026	1.09375
4786591	4786664	0
4546959	4546978	0
4889412	4889541	0.0
4544569	4544902	0
4540712	4540715	0
14448525	14448527	0
12484888	12485221	0.65625
4633138	4633146	0
4785363	4785376	0
7136671	7136758	0.21875
7980415	7980418	0
15727283	15727297	0
7134515	7134516	0
7990684	7990758	0
7132457	7132481	0
7176935	7177091	0
4657404	4657482	0
4582781	4582783	0
15703736	15703770	0.0
4654185	4654199	0
8000763	8000807	0
4687132	4687375	0.375
4611893	4611960	0.0
4717554	4717801	0.0
4558013	4558371	0.375
14447575	14447579	0
15722379	15722758	0.4375
15700444	15700709	0.0
12496727	12496741	0
4787535	4787609	0
4621765	4622022	0.0
4862365	4862421	0.4375
4723349	4723806	0.0
12504761	12504896	0.0
4557283	4558012	1.21875
4541721	4543617	0.4375
7092997	7093024	0
4656837	4656955	0.21875
7071584	7071779	0.375
4902816	4902825	0
4606738	4606944	0
4743865	4743934	0
4613953	4614105	0
4685691	4685753	0
15141224	15141278	0
12528081	12528087	0
12487839	12487892	0
4540765	4540783	0
8004964	8004990	0
15690886	15690990	1.3125
4804041	4804052	0
7158888	7158901	0
15686129	15686305	0
4589091	4589109	0
4748342	4748498	0.46875
12536173	12536413	0.4375
4548036	4548067	0
4803969	4804007	0
4753975	4754011	0
4728533	4728615	0
4615123	4615124	0
15671967	15671977	0
4699424	4700238	0.0
12533103	12533126	0.0
4730786	4730797	0
4906432	4906474	0
15742333	15742382	0
7992479	7992638	1.40625
7123983	7124005	0
7171768	7171816	0.21875
4673425	4673446	0.375
4549030	4549384	0.21875
4580746	4580753	0
7096015	7096539	2.0625
15729470	15729588	0
4655320	4655417	0
15711192	15711342	0
14448622	14448641	0
4581993	4582366	0.0
7081674	7081857	0.5
4604733	4604814	0.0
4582717	4582731	0
7985705	7985721	0.5
12467714	12468390	0.65625
4633112	4633115	0
4678278	4678282	0
4566447	4566496	0.84375
7174642	7174929	0.46875
14448665	14449319	0.0
4874197	4874601	0.4375
4828513	4828520	0
4653103	4653149	0
7980856	7981175	0.21875
15137161	15137363	0
12529652	12529678	0
15697997	15698048	0
4831399	4831561	0.0
14447870	14447905	0.0
4862532	4862556	0
7169477	7169641	0.0
4669045	4669206	0.375
4743482	4743621	0
14447460	14447468	0
12513054	12513552	0.875
4519711	4520644	0.6875
15723619	15723623	0
4670444	4670454	0
4672273	4672388	0
7131444	7131472	0
4828895	4829041	0.0
7119960	7119965	0
4668844	4668891	0
15724552	15724556	0
4670420	4670433	0
4578819	4578911	0
4887463	4887934	1.34375
12526195	12526499	0.9375
4754445	4754483	0
4551320	4552886	0.4375
7165278	7165286	0
12467111	12467127	0
7984542	7985510	1.875
7134646	7134658	0
4863717	4863723	0
4679993	4680037	0
4891695	4891712	0.0
4700280	4700574	0
7142515	7142840	0.4375
4622285	4622310	0
15742418	15742424	0
4868838	4869079	0
12516091	12516096	0
15733920	15733921	0
4829082	4829333	0
4617205	4617210	0
4650333	4651102	0.59375
7996614	7996700	0
15727614	15727618	0
4743719	4743737	0
12508728	12508867	0.375
4834548	4834588	0
8006264	8006284	0.375
4889933	4890047	0.21875
4545096	4545263	0
12532226	12532231	0
15705182	15705196	0
15742947	15743053	0.0
15673550	15673572	0
4807158	4807163	0
15707546	15707550	0
4623850	4623898	0
4873534	4873606	0.21875
4734917	4735049	0.21875
4627004	4627007	0
4859618	4859667	0.0
4579543	4579551	0
15671786	15671793	0
4643062	4643099	0
15142121	15142134	0
12516066	12516084	0
15699580	15699669	0.0
7160759	7160774	0
4539871	4540128	0
4627212	4627286	0.0
4697531	4698400	0
4526559	4526699	0
4548753	4548787	0
4529174	4529228	0
4741091	4741096	0
7996757	7996759	0
7996501	7996613	0
15723302	15723309	0
12529579	12529586	0
4537935	4538000	0
4669677	4669718	0
4546235	4546238	0
4832213	4832217	0
12503367	12503643	0.21875
4564719	4564830	0
15671400	15671413	0
4656414	4656483	0
4514741	4514750	0.21875
15681219	15681246	0.375
7088169	7088187	0
4800894	4800895	0
4759447	4760227	0.5
12496342	12496349	0
4688243	4688385	0
4727804	4727812	0
12521324	12521466	1.5625
7176893	7176895	0
15718899	15718907	0
15728491	15728791	0.9375
4727939	4728169	0
4668835	4668838	0
4677558	4677628	0
15729610	15730013	0.0
4760471	4760504	0
4688194	4688233	0
12539798	12539830	0
4536279	4536297	0
4635224	4635771	0.46875
7075080	7075285	0.21875
4681939	4681970	0
4667270	4667285	0
12527142	12527224	0
15723919	15723930	0
15137747	15137896	0
4707378	4707405	0
4915300	4915717	0.46875
7083374	7083398	0
7127755	7128250	0.46875
7124400	7124591	0.46875
12530224	12530228	0
4638221	4638270	0
4613501	4613700	0
4514504	4514511	0
4889823	4889889	0.0
15141506	15141630	0.5
15730037	15730042	0
4715099	4715102	0
15739655	15739750	0
7072217	7072230	0
4609757	4609877	0
12532848	12532896	0
4731542	4731659	0
4660913	4660944	0
4598978	4599249	0.0
4608230	4608265	0
4828875	4828889	0
7070833	7070855	0
4920862	4920867	0
12515720	12515734	0
15138083	15138090	0
4893746	4893764	0
4653479	4653529	0
15700931	15701074	0
4616077	4616210	0.0
4905817	4905871	0
4652466	4652468	0
4656961	4656969	0
15721259	15721264	0
15727863	15727867	0
4582792	4582850	0.21875
4582890	4583407	0.8125
12485292	12485309	0.21875
15721484	15721503	0
4804276	4804297	0
4754202	4754353	0.0
4540745	4540754	0
4896603	4896706	0
4704122	4704175	0
12507750	12508605	1.03125
4825206	4825233	0.0
4830409	4830410	0
12532922	12532937	0
12495848	12495912	0
7983470	7983534	0
15724503	15724524	0
4638623	4638627	0
4554248	4554424	0
4755403	4755595	0.75
15725971	15725983	0
4878208	4878233	0
4591587	4591617	0
4707228	4707341	0
4905782	4905789	0
12474785	12474823	0
4654980	4655312	0.0
4548113	4548303	0.0
4808054	4808131	0
4751131	4751152	0
15700378	15700436	0
15697844	15697859	0.0
4753730	4753778	0
4732053	4732182	0
15140341	15140354	0
4815131	4815270	0.21875
4537379	4537557	0.46875
12504628	12504636	0
4570175	4570210	0.375
4633231	4633267	0
4746589	4746596	0
15693357	15693644	0.46875
4622023	4622037	0
4705309	4705320	0
4769909	4769947	0
4901029	4901068	0
7119634	7119652	0
4896064	4896422	0.0
12510598	12510649	0
4757751	4757781	0
4848083	4848108	0
4716107	4716143	0
4754398	4754424	0.0
4901114	4901551	0.0
12521292	12521300	0
7990491	7990683	0
4688078	4688082	0
15726920	15726922	0
7092906	7092914	0
4519056	4519190	0
4843717	4843720	0
4863683	4863686	0
4767820	4767895	0.21875
14449381	14449469	0.0
7987699	7987902	0
4707916	4708194	1.5
4677183	4677373	0
4808401	4808681	0.0
4915272	4915297	0
4883608	4883632	0
7111443	7111876	0.875
4714845	4714880	0
7093142	7093166	0
4615611	4615803	0
7110959	7110985	0
4715155	4715639	0.46875
7103000	7103541	0.0
4676049	4676081	0
4661437	4661895	0.46875
4526308	4526323	0
4822661	4822663	0
4902659	4902699	0
4609154	4609185	0
4807104	4807110	0
4776725	4776740	0.0
4593887	4593962	0
7993388	7993552	0.0
15673970	15673983	0
14448603	14448610	0
4881851	4881852	0
4609196	4609748	1.5
7123771	7123924	0
4732754	4733241	0.84375
15717015	15717105	0
12500452	12500453	0
7121764	7121842	0
7093227	7093818	2.6875
7139363	7139625	0.375
4617866	4617882	0
4727617	4727627	0
12521973	12522072	0
8001696	8001728	0
15708356	15708361	0
4669729	4669740	0
7989244	7989862	0.21875
14448042	14448077	0
4866275	4866280	0
12511559	12511571	0
7091331	7091379	0
7993740	7993786	0
4528381	4528409	0
4750386	4750593	0.0
4562915	4563845	1.34375
12533410	12533447	0
4547138	4547152	0
12528021	12528025	0
15148570	15148672	0.46875
4670336	4670344	0
4669516	4669573	0
4796241	4796304	0
15726937	15726940	0
4815737	4816016	0.4375
4822670	4822672	0
4724428	4724493	0
4602224	4602365	0
4626982	4626992	0
4559318	4559332	0
15743108	15743125	0
7178907	7179170	0.46875
4569803	4569907	0.21875
12519186	12519201	0
15137369	15137375	0
4595138	4595144	0
7108083	7108785	1.5
4707162	4707194	0
12533087	12533100	0
15728798	15728927	0.46875
4886564	4886747	0.59375
4686681	4686783	0
15742643	15742750	0.5
15677107	15677141	0
4636020	4636026	0
4915891	4916415	1.40625
4576037	4576080	0.21875
12516223	12516228	0
12497500	12497514	0
12542817	12542894	0
4864316	4864326	0
4830209	4830249	0
4863399	4863433	0
4743625	4743674	0
7978888	7979107	1.125
4922631	4922656	0
4907369	4907446	0
4797253	4797581	0.875
4626077	4626081	0
4706669	4706684	0.21875
4653905	4654038	0
15721669	15721697	0
12498415	12498424	0
8005174	8005247	0
15723963	15723971	0
7103543	7103556	0
15711600	15711622	0
15686892	15686895	0
4911435	4911449	0
4863850	4864011	0
7161922	7161948	0
12503816	12504204	0.65625
7999277	7999918	0.375
4565435	4565583	0
15696740	15696815	0.21875
4722367	4722394	0
4878959	4878962	0
4634322	4634600	0
7141400	7141408	0
4809262	4809271	0
12510834	12511050	0.0
4832391	4832564	0.0
4911460	4911466	0
15140045	15140098	0
12513553	12514122	0.96875
7995189	7995255	0
4664698	4664707	0
4698725	4699181	0.0
4661206	4661221	0
12504453	12504505	0
12532161	12532163	0
15738606	15738607	0
4863767	4863770	0
4889782	4889791	0
4787116	4787285	0.0
4783818	4783990	0
4545284	4545299	0
7135555	7135562	0
4890060	4890879	0.21875
4521596	4521742	0
4754489	4754871	0.0
15133012	15133041	0
4804120	4804148	0
4841180	4841183	0
4614863	4615122	0
7135620	7135816	0
4622736	4622750	0
12542977	12543035	0.21875
7080974	7081024	0
12528093	12528163	0
15675988	15676997	0.0
12484816	12484819	0
4733979	4734332	0
15131957	15132013	0
4653289	4653293	0
4638846	4639151	0
12534267	12534459	0
4749809	4749984	0.0
4726806	4727034	0
12533476	12533495	0
12498627	12498697	0
4924218	4924313	0
4518512	4518639	0
12473744	12473877	0.375
12540465	12541083	0.46875
4587666	4588555	0.0
4688149	4688152	0
4671337	4671354	0
4723208	4723225	0
4905872	4905983	0
4540149	4540187	0
4766683	4766744	0
4731041	4731309	1.125
15723334	15723553	0.21875
15716337	15716363	0
4604655	4604672	0
12495295	12495759	0.21875
14448016	14448021	0
15133226	15133303	0.75
4632472	4632523	0
4707129	4707132	0
15673334	15673336	0
12491917	12491958	0.46875
7136650	7136670	0
4634756	4634761	0
12532244	12532245	0
4566784	4567218	0.84375
12511501	12511504	0
4640861	4640951	0
4723279	4723282	0
12532191	12532195	0
4728872	4729135	0
4631129	4631742	1.09375
4581676	4581678	0
7126191	7126196	0
4809728	4809746	0
4688033	4688039	0
4859851	4860155	0.21875
4685937	4686320	2.84375
4708202	4708220	0
4635930	4635960	0
4902531	4902647	0.46875
15719768	15719888	0.21875
12489606	12489909	0
4553465	4553466	0
4676227	4676370	0.375
4588558	4588783	0.0
4669402	4669514	0.21875
4889895	4889916	0
4595350	4595499	0
4722784	4722881	0
4627043	4627170	0
4902905	4903326	0.0
12511200	12511247	0
12540034	12540040	0
15721415	15721464	0
4904879	4905258	0.21875
4873888	4873938	0
7110986	7110997	0
8004487	8004880	1.125
4758755	4758800	0
15742225	15742285	0
7119930	7119938	0
4591026	4591221	1.125
15721307	15721309	0
12473014	12473027	0.6875
4522936	4522963	0
4781479	4781807	0.0
4839626	4839864	1.59375
15694969	15694994	0
15691695	15691715	0
4604087	4604110	0.0
7142848	7142882	0
4626073	4626074	0
4720947	4720953	0
4742235	4742244	0
4654275	4654288	0
7095419	7095583	0.375
4636696	4636843	0.0
4540399	4540463	0.46875
15721190	15721221	0
4652972	4652981	0
15683596	15683951	0.375
7980204	7980224	0
7140105	7140713	0.21875
4840805	4840947	0
7126294	7126345	0
4634606	4634755	0
12477575	12477590	0
7095593	7095718	0
4770167	4770215	1.15625
4906544	4907178	0.0
15731990	15732024	0
4549803	4550046	0
12484232	12484236	0
4747886	4748018	0.9375
15674286	15674343	0
4707703	4707893	0.65625
4865548	4865566	0
4670465	4670471	0
15708537	15708706	0.46875
4787922	4788072	0.0
4643954	4643958	0
4825123	4825166	0.0
4566405	4566406	0
7106765	7107142	1.0
4785464	4785508	0
15693981	15694530	0.375
4695381	4695632	0
15740686	15741055	0.5
8004419	8004485	0
7093026	7093031	0
15684299	15684331	0.0
12471078	12471097	0
15677150	15677181	0
4912215	4912308	0
4609193	4609195	0
4841184	4841252	0.0
7088250	7089191	0.0
4554771	4554839	0
4868616	4868730	0.0
4846626	4846627	0
4637714	4638199	0
4794424	4794739	0.4375
4633380	4633384	0
4593826	4593832	0
15721365	15721410	0
15730709	15730856	0
4562260	4562272	0
4632053	4632367	0.0
4902884	4902902	0
4539055	4539849	0.375
4533368	4534347	0
4906475	4906502	0
4714483	4714835	0.0
7123751	7123764	0
4559422	4559564	0
12533317	12533381	0
15681248	15681263	0
15743140	15743304	0
4904350	4904355	0
4892010	4892656	0.0
4562494	4562914	0
4848700	4848809	0.375
4621610	4621760	0.0
4594037	4594057	0
4591304	4591389	0
4620293	4620480	0
4572087	4572096	0
4767661	4767732	0
4723231	4723264	0
4845620	4846298	0.59375
4789177	4789649	0.0
15674045	15674046	0
12516465	12516854	0.0
4676146	4676156	0
4861182	4861445	0.4375
7164421	7164539	0
7167339	7167352	0
4545709	4545995	0.21875
12543269	12543280	0
4559639	4560024	0.0
4875489	4875568	0
4617883	4618137	0.0
4699184	4699420	0.0
4835680	4835713	0
4834486	4834488	0
4785386	4785457	0
4848845	4849017	0
12532619	12532835	0.5
7129888	7130279	0.0
4762454	4762478	0
4562243	4562249	0
7066363	7066654	0.0
4620080	4620244	0
15672201	15672274	0
15140504	15140586	0.0
4571677	4572086	0.21875
4746603	4746609	0
4563846	4564104	0.75
12508609	12508727	0
4810708	4810826	0
4688499	4688935	0.90625
4583635	4583716	0
4586057	4586396	0.6875
15723834	15723842	0
4846776	4847150	0.375
4848172	4848541	0
7091079	7091115	0.0
4597286	4597360	0
4685043	4685054	0
4629678	4629983	0
4916597	4916635	0
7134523	7134560	0
4791158	4791418	0.0
4687539	4687780	0.0
12485681	12485876	1.21875
4841406	4841436	0.65625
12516030	12516060	0.46875
15684349	15685579	0.75
7093035	7093043	0
15742590	15742637	0
4890049	4890050	0.21875
15721617	15721637	0
15695075	15695490	0
4589053	4589063	0
15133310	15133454	0.0
4757846	4757851	0
15673996	15674028	0
4819740	4820470	0.21875
4603211	4603475	0
12534998	12535411	0.21875
4592281	4592461	0
15733622	15733705	0
4816337	4816886	0.4375
12494259	12494499	0.4375
12532247	12532538	0
4548695	4548749	0
15698077	15698193	0
12473187	12473506	0
7979129	7979237	0.75
15671029	15671031	0
12468755	12469627	0.875
12541420	12541426	0.0
4599253	4599295	0.0
4831020	4831121	0.0
4751441	4751610	0
4763932	4764217	0
4730281	4730745	0.75
7124085	7124181	0
7088020	7088023	0
15732186	15732187	0
4809314	4809404	0
15726533	15726566	0
4818078	4818292	0
4756374	4756913	2.25
15744314	15744346	0
4880165	4880205	0
15672481	15672655	0
15680715	15680795	0
12484240	12484280	0
7987278	7987528	0.5
4612160	4612220	0
4911333	4911401	0
4667316	4667340	0
15671156	15671161	0
4768253	4768254	0
7121402	7121546	0
4788372	4788417	0
15740082	15740516	0.21875
7069066	7069241	0.875
4755879	4756179	0.96875
12511749	12511770	0
4604852	4605043	0
4759315	4759380	0
4846624	4846625	0
4766748	4766911	0
4678460	4679300	0.375
12487687	12487823	0
4660892	4660912	0
4624024	4624484	0.375
4634601	4634602	0
4566102	4566343	0
4684417	4684877	0.6875
12472403	12472471	0
15137981	15137999	0
15741218	15741424	0.21875
15134133	15134244	0.375
4832135	4832150	0
15671164	15671175	0
4536308	4536500	0
4891248	4891480	0
4541127	4541711	0.4375
4702796	4703168	0.0
4808942	4809043	0
4589183	4589285	0
4540658	4540667	0
4680133	4680142	0
4672537	4672576	0
12539709	12539721	0
4677814	4677921	0
12520592	12520786	0.375
4754364	4754387	0
4685247	4685340	0
4736837	4736839	0
4608139	4608222	0
4848120	4848126	0
15137904	15137918	0
4847151	4847615	0.375
4785917	4785932	0
7175134	7175824	1.40625
4803450	4803513	0
4862436	4862445	0
15672708	15672807	0
7075562	7075793	0.21875
4857957	4858001	0.0
4670517	4670875	0.375
4706019	4706610	0.21875
15682765	15682768	0
7981351	7981361	0
4889921	4889930	0
15723728	15723730	0
4751611	4751799	0
7996230	7996498	0
7119763	7119772	0
4844340	4844691	0.46875
7132942	7133715	1.09375
15671980	15672026	0
7112856	7113136	0.5
7087156	7087786	0.0
4882653	4882663	0
4812636	4813251	0.4375
15742912	15742942	0
7134201	7134312	0
15131751	15131773	0
4710876	4711079	0
12497105	12497106	0
7120142	7120362	0
4577322	4578517	1.25
12506626	12506924	0.96875
4824398	4824405	0
4768581	4768609	0
15721342	15721362	0
15684264	15684293	0
15694802	15694806	0
15701438	15701647	0.0
15671820	15671886	0
4772566	4772716	0
4681814	4681818	0
15674094	15674104	0
14447558	14447573	0
7088122	7088162	0
4912311	4912364	0
15698052	15698070	0
4796172	4796229	0
15716437	15716498	0
7135817	7136217	0.21875
4793819	4793821	0
15725921	15725942	0
15717602	15717628	0
14448102	14448189	0
4745540	4745605	0
4899876	4900108	0.375
15149853	15149858	0
15704706	15704793	0
4675270	4675377	0
4865643	4865721	0
4535246	4535560	0.6875
4675604	4675642	0
15690709	15690806	0
4849905	4850176	0
4669594	4669672	0
15131743	15131746	0
15707629	15707635	0
4827083	4827311	0.21875
12489163	12489350	0
15708055	15708274	0
4654294	4654307	0
4721224	4721225	0
4579154	4579161	0
4744333	4744632	0
7144187	7144213	0
7138839	7139190	0.375
15687844	15687899	0
7120005	7120014	0
12496636	12496641	0
4844877	4845257	0
7100299	7100621	1.0
4663032	4663645	0.46875
4866859	4867838	0.21875
15140127	15140133	0
4618146	4618147	0
4625405	4626070	1.3125
7095229	7095310	0.46875
4619887	4619901	0
7995818	7996224	0
12539751	12539766	0
4842893	4842987	0.6875
4786992	4787007	0.0
4591222	4591300	0.0
15147028	15147029	0
4746653	4746985	0
15703787	15704535	0.84375
4616864	4617195	1.09375
12525246	12525258	0
12485337	12485358	0
15711355	15711420	0.21875
7129646	7129878	0.46875
7131823	7131835	0
15712942	15712945	0
7166277	7166695	0
4860603	4860635	0.21875
4546347	4546366	0
12494569	12494760	0.21875
15723757	15723759	0
4786225	4786228	0
12532992	12533000	0
4722887	4722999	0
4761904	4762161	0
4810697	4810698	0
15678089	15678528	0
15145752	15145768	0
12478469	12478474	0
4793118	4793161	0
4851164	4851235	0
15130395	15130687	0.0
7119813	7119823	0
8000127	8000586	0
4747875	4747878	0
7120048	7120057	0
15697866	15697885	0
4610103	4610221	0
4773512	4773839	0
12504511	12504514	0
4629537	4629677	0.21875
4875955	4875962	0
4704176	4704264	0
7143725	7143760	0
4792012	4792190	0
7997450	7997466	0
15717132	15717416	0
4652953	4652971	0
12532901	12532912	0
12504722	12504731	0
4909510	4910114	0.21875
4704636	4704647	0.0
15687209	15687283	0
15131321	15131689	0
7072635	7072662	0
4910524	4911212	0.0
12510667	12510830	0
12496801	12497015	0.0
15133625	15133938	0.0
7131066	7131241	0
15698196	15698375	0
12511640	12511746	0.21875
4732013	4732019	0
4669741	4669769	0
4722424	4722603	0
7094000	7094482	0.84375
15133496	15133503	0
7103558	7105678	5.25
4642234	4642273	0
7119714	7119721	0
12529962	12530218	0.375
4679490	4679743	0
12490187	12490336	0.0
7120833	7120870	0
4748938	4749076	0.0
15139148	15139868	0.46875
15674966	15675455	0
15728391	15728489	0.21875
14447612	14447615	0
15721923	15722342	0.6875
12485560	12485564	0
4790318	4790323	0
4548689	4548692	0
4733664	4733804	0
12481589	12481590	0
15736326	15736344	0
4744708	4744760	0
15728937	15729050	0.0
4922136	4922137	0
12500986	12501013	0
12532188	12532190	0
4526292	4526307	0
4807333	4807481	0
7084670	7084739	0
15711943	15712004	0
4905790	4905802	0
7146279	7146364	0.0
4680041	4680056	0
4708240	4708428	0.75
4566344	4566351	0
12484407	12484409	0
4551060	4551129	0
7127743	7127751	0
4769187	4769901	0
4638557	4638558	0
7169918	7169922	0
7130280	7130293	0
15705257	15705289	0
4593412	4593499	0
15716640	15716844	0
4684959	4685005	0
4569626	4569642	0
4665193	4665221	0
15686971	15686979	0
4761455	4761861	0.21875
4547054	4547076	0
4731692	4731801	0.0
7993965	7994076	0
4817293	4817373	0
7075797	7075947	0
4532767	4533182	0
7096811	7098489	3.625
4607407	4607472	0.375
12535834	12535922	0
15728039	15728046	0
4632368	4632463	0
7084800	7084820	0
4880361	4880488	0.0
12506925	12506931	0
4532528	4532701	0
4605434	4605545	0
4803520	4803596	0
4786466	4786550	0
12516206	12516207	0
7995388	7995630	0.5
4782927	4783076	0
4916777	4917395	0
15699855	15699921	0
4606333	4606504	0
12479214	12479463	0.59375
12508876	12508888	0.0
4913970	4914032	0
4569958	4570169	0.0
4889678	4889769	0
4788729	4789148	0.0
14447066	14447384	0
15698980	15698983	0
4652892	4652932	0
15700299	15700318	0
4741986	4742002	0
7095725	7096014	0
4866443	4866460	0
7132372	7132383	0
4762217	4762271	0
7985516	7985529	0
4733816	4733882	0
4875044	4875482	0.0
4758964	4759177	0
4672893	4673261	0.46875
12488653	12488712	0.0
4653572	4653688	0
7988392	7988813	0.375
4528626	4529035	0.375
4768990	4769185	0
15672660	15672673	0
15705227	15705245	0
4597558	4597577	0
12496424	12496438	0
4790293	4790314	0
15683952	15684141	1.5
4547094	4547104	0
4765791	4765793	0
4836932	4837373	0.0
4520871	4520911	0
4911478	4911853	0.65625
15727172	15727178	0
4719947	4720447	0
15723667	15723674	0
4749985	4750191	0
15716294	15716323	0
12527947	12527959	0
15745376	15745419	0
4657118	4657371	0
4834601	4834848	0
15673060	15673116	0
4798885	4798890	0
12481801	12482063	0
4724230	4724255	0
4649816	4649929	0
7127752	7127754	0
4863658	4863666	0
4652660	4652765	0
7147825	7148981	1.46875
4762526	4762666	0
4796453	4796570	0
4551166	4551312	0.21875
7134393	7134501	0
12509124	12509214	0.75
4775797	4775923	0
4612153	4612159	0
4883642	4884074	0.46875
4901859	4902038	0
7074646	7074707	0
7175970	7176179	0
4920279	4920346	0
4654603	4654680	0
4704634	4704635	0
4756181	4756185	0
8005005	8005026	0
4869968	4869983	0
4705128	4705227	0
7092943	7092956	0
7096545	7096549	0
15721244	15721249	0
15723084	15723102	0
4589983	4590398	0.21875
12515741	12516027	1.3125
4545385	4545530	0
4777028	4777031	0
4517604	4517720	0
15744439	15744552	0
4846622	4846623	0
15674356	15674405	0
7137023	7137024	0
4680702	4681062	0.21875
4787920	4787921	0
15679726	15679728	0
4567741	4567902	0.21875
4518755	4518881	0.46875
4584649	4584713	0
4914545	4915061	0.46875
7165250	7165256	0
4899273	4899461	0
12479002	12479206	0.0
12466577	12467108	0.4375
4809520	4809676	0.0
7090332	7090386	0
15149476	15149479	0
4642523	4642881	0
4862238	4862255	0
4776980	4777027	0
4593675	4593801	0
15687312	15687447	0
4635841	4635919	0
4706998	4707004	0
15672810	15673051	0.46875
4658005	4658021	0
4610242	4610310	0.0
4910502	4910517	0
15745339	15745370	0
15697888	15697912	0
4615847	4615864	0
4902421	4902429	0
12482736	12483164	0.4375
7101566	7101995	0.5
4726151	4726783	0.375
4864480	4864831	0.0
4636003	4636016	0
4638283	4638287	0
4731405	4731476	0.75
4711865	4712041	0.9375
4566508	4566709	0.375
4865576	4865614	0
4712581	4712582	0
7134795	7135292	0
4910123	4910140	0.375
12488885	12488927	0
7165153	7165161	0
4556606	4556741	0
4848565	4848698	0
4889666	4889669	0
4547155	4547169	0
7118619	7118621	0.21875
4891116	4891227	0
12519291	12519444	0.0
4558727	4559309	0.0
15726986	15727003	0
8002997	8003147	0
15730043	15730372	0.9375
4868397	4868404	0
15721578	15721581	0
15133043	15133045	0
4862016	4862235	0.4375
12536951	12536965	0
4617613	4617730	0
15706208	15707199	0.875
4585986	4586056	0
4651756	4652176	0.6875
4902711	4902760	0
4807032	4807034	0
7067620	7067802	0.0
4599437	4599580	0
12490454	12490546	0
7168962	7168963	0.0
12497031	12497055	0
4790900	4790952	0
4708446	4708531	0.0
4827570	4827582	0
15722350	15722377	0
4616211	4616863	0.65625
4847838	4847905	0
7083204	7083324	0
4554475	4554692	0.21875
15724262	15724491	0.21875
12518374	12518378	0
12494245	12494258	0
4765476	4765710	0.0
4768259	4768264	0
4536692	4537223	0.46875
12511905	12511987	0
4841288	4841298	0
15674190	15674197	0
4575027	4575564	0.59375
7084930	7085004	0
4875746	4875750	0
4733909	4733978	0
4729415	4730179	0.59375
4688391	4688396	0
7081038	7081223	0
4606158	4606265	0
4662654	4662781	0
4672073	4672093	0
4869122	4869772	0.0
15131838	15131845	0
7980111	7980115	0
4707484	4707494	0.46875
7098642	7099052	3.46875
7168906	7168950	0
4772717	4773506	1.5
7095723	7095724	0
7165106	7165137	0
4622097	4622284	0.0
4635793	4635835	0
4840613	4840623	0.0
12473166	12473180	0
4718094	4718289	0.0
4667436	4667489	0.375
7172542	7172771	0
4707019	4707036	0
4787909	4787919	0
4924497	4925090	0.21875
4610311	4610547	0.75
4784534	4785128	0.0
4752585	4752991	0
4707210	4707223	0
14447395	14447450	0
7077341	7077562	0
4566716	4566776	0
4801085	4802833	0.4375
7113941	7113952	0
15716165	15716267	0.0
4863703	4863708	0
4593991	4594007	0
4889614	4889621	0
4624825	4624866	0
4917861	4917922	0.46875
4751805	4751973	0
15733295	15733338	0.0
12532223	12532225	0
15686312	15686777	0
4858925	4859176	0
4753932	4753947	0
15703717	15703729	0
4705266	4705296	0.0
4597098	4597109	0
4705487	4705693	0
15672689	15672694	0
4587536	4587636	0.0
4834849	4835158	0.0
12533390	12533398	0
12514186	12514206	0
4661240	4661245	0
15721706	15721732	0
4655591	4656129	0.0
12527348	12527349	0
4613122	4613307	0
4678140	4678199	0
4724256	4724269	0
4711082	4711468	0.46875
4758817	4758962	0
4715022	4715027	0
4639331	4639346	0
7164571	7164836	0.0
4777349	4777352	0
12533067	12533074	0
15681457	15681497	0
4828856	4828862	0
4610548	4611863	0.8125
15710056	15710407	0.0
4822850	4823314	0.4375
4745827	4745940	0.0
4566352	4566376	0
7991109	7992114	0.46875
4826171	4826790	0.21875
4829513	4830109	0.65625
4863635	4863639	0
4695963	4696479	0.0
15146653	15146746	0
15742756	15742787	0
4576012	4576035	0.0
7093116	7093138	0
4843496	4843533	0
4650139	4650267	0
4885408	4885423	0
4600695	4600995	0
4656486	4656540	0
14448645	14448647	0
4548791	4548803	0
4921149	4921260	0
8005065	8005156	0
8004185	8004224	0.0
4906503	4906543	0
4609749	4609756	0
4717243	4717345	0.375
15723597	15723614	0
4668938	4668939	0
7147356	7147655	0
4885552	4885788	0
4721419	4721712	0.0
4890977	4891075	0
4526700	4526715	0
7983132	7983281	0.5
4827757	4827791	0
4794099	4794171	0
4633180	4633187	0
4670357	4670367	0
4755770	4755780	0
4794360	4794423	0
4532702	4532766	0
7076059	7076735	0.4375
4680355	4680399	0
15687483	15687488	0
4659800	4660563	0.9375
4761038	4761162	0.21875
4519240	4519308	0
15673877	15673879	0
4790969	4790982	0
4915728	4915863	0.0
7098494	7098495	0.0
15711522	15711532	0
4902765	4902771	0
15716611	15716634	0
4876228	4876244	0
15142135	15142136	0
12485226	12485288	0
4817374	4817532	0.21875
12514127	12514176	0
15673344	15673350	0
7107428	7108075	0.0
4900713	4900875	0.375
15672677	15672685	0
4559335	4559356	0
4661104	4661144	0
4754872	4754875	0
4636038	4636327	0.46875
12531230	12531235	0
15691227	15691308	0
7156407	7156418	0
14449324	14449343	0
4607718	4608119	0
4787610	4787908	0
4670384	4670415	0
4878241	4878461	0.0
12487562	12487679	0.375
4794777	4795632	2.1875
12477875	12477879	0
15723034	15723073	0
15724538	15724544	0
12529596	12529603	0
15697959	15697969	0
15726943	15726947	0
7998763	7998924	0
4671538	4671767	0.46875
4803601	4803794	0.0
4840505	4840555	0
7132675	7132702	0
15702080	15702098	0
4739306	4739324	0
4748545	4748937	1.40625
4532308	4532527	0.375
12536679	12536701	0
4755087	4755120	0
4918148	4918155	0
4821822	4821947	0
4665296	4665311	0
4656992	4656996	0
4701029	4701170	0
4780004	4780090	0
7123927	7123951	0
12521211	12521233	0
4553864	4553881	0
12521262	12521280	0
4725768	4726140	0
12532200	12532219	0
14448474	14448477	0
15673845	15673848	0
14448198	14448202	0
4513622	4513623	0
7135568	7135594	0
4900428	4900525	0.375
7077174	7077199	0
4705336	4705484	0
12489539	12489602	0.0
15675672	15675812	0
15677777	15677794	0
4780785	4781464	0.84375
4653150	4653151	0
15691608	15691692	0
12539395	12539399	0
4820654	4820898	0
12493672	12493882	0.0
12469860	12470251	0.46875
7124031	7124072	0
4923649	4923929	0.0
15691798	15692571	1.59375
4839865	4839941	0
15700800	15700824	0
7088201	7088246	0
7158253	7158256	0
4846628	4846629	0
14448506	14448516	0
4715067	4715070	0
4541713	4541719	0
4616061	4616066	0
4680253	4680271	0
12504610	12504612	0.0
12529640	12529647	0
15695594	15696127	0.375
7981364	7982234	1.1875
4627299	4629313	1.125
4612791	4613110	0.21875
4520914	4521425	0.9375
4624537	4624634	0
4626957	4626967	0
4839479	4839488	0
4708621	4708783	0.375
12487290	12487554	0.375
4668611	4668626	0
4766598	4766605	0
7156920	7156959	0
7992639	7993387	1.875
4704701	4704764	0
4818348	4818381	0
14448585	14448598	0
4762402	4762410	0
4911409	4911426	0
4919625	4919806	0
12511590	12511637	0
4514993	4515226	0.21875
15133055	15133128	0
15699950	15699951	0
4687927	4687961	0
15728002	15728038	0
4613119	4613120	0
15727318	15727488	0
7159081	7159120	0.0
4707199	4707201	0
15710011	15710053	0
12535784	12535787	0
12506932	12506939	0
4633057	4633077	0
12501792	12501978	0
4905472	4905556	0
12489420	12489484	0
12508892	12509123	0.4375
4826872	4826980	0.0
7132706	7132726	0
12498465	12498470	0
12542363	12542367	0
12512255	12512257	0
4612363	4612729	0.0
4582691	4582712	0.21875
15138177	15138226	0
4637426	4637517	0.46875
7149050	7149070	0
4734362	4734465	0
15729059	15729073	0
4559373	4559407	0
4680337	4680350	0
12498476	12498483	0
7077564	7077576	0
7105956	7105965	0
4562283	4562420	0
4594977	4595081	0
4836098	4836106	0
15131696	15131705	0
7099496	7099558	0
7987609	7987624	0
15671362	15671364	0
15727226	15727268	0
4866852	4866858	0
4649218	4649224	0
15695571	15695589	0
4531235	4531720	0.0
15677007	15677085	0
4862280	4862343	0
15686957	15686965	0
15711143	15711182	0
4517757	4517895	0.0
4879260	4879697	0.46875
7162623	7162756	0
7167546	7167947	0
15681146	15681213	0.0
7119418	7119542	0.59375
4546321	4546337	0
4735053	4735184	0
4678381	4678453	0
4791013	4791150	0
4550758	4550872	0
7127648	7127741	0
8004946	8004948	0
15726308	15726365	0
7980172	7980194	0
4577057	4577144	0.21875
8003194	8003201	0
15727873	15727876	0
15738135	15738217	0
7099107	7099359	1.875
12493411	12493593	0.59375
15704627	15704628	0
4529037	4529120	0
15687591	15687657	0
4807083	4807089	0
4874608	4874789	0.875
4599796	4600150	0.375
4806047	4806267	0.4375
4560039	4560040	0
15743081	15743095	0
7088096	7088107	0
15726110	15726143	0
4831567	4831614	0.0
7177761	7178714	0.0
4547259	4547346	0
15696553	15696739	0.59375
15707757	15707898	0
4781857	4781937	0
7091136	7091143	0
4905803	4905816	0
4761253	4761263	0
15680806	15680888	0
4889563	4889573	0
4698453	4698714	0.0
15135427	15135432	0
4796799	4797173	0.21875
4862502	4862526	0
12504306	12504344	0
4582858	4582886	0
15727498	15727500	0
15710560	15710914	0
4919856	4920000	0.46875
15148336	15148565	0
15702804	15703314	0
4787048	4787108	0
7119973	7119977	0
4743687	4743712	0
15723934	15723942	0
14448488	14448494	0
7118875	7118927	0
7100781	7100783	0
7986179	7986718	2.0
4527676	4527746	0
15723009	15723017	0
4680217	4680220	0
4555020	4555202	0.0
4922749	4923420	0.21875
15133602	15133619	0
15721108	15721187	0
4547112	4547122	0
4774015	4774737	1.28125
15716324	15716333	0
12484607	12484612	0
15695497	15695536	0.0
12534510	12534863	0.21875
15722765	15722845	0.21875
12472390	12472397	0
15674252	15674263	0
4730180	4730250	0
12502439	12502538	0
4861678	4862014	0.65625
4847668	4847829	0
4788074	4788371	0.0
12496087	12496328	1.25
4581786	4581788	0
12483306	12483308	0
12482251	12482491	0.0
4846657	4846774	0
15138230	15138239	0
4771514	4772077	0.375
4716338	4716769	2.8125
7120386	7120488	0.96875
7999164	7999254	0
4668413	4668427	0
4680064	4680104	0
4828810	4828835	0
4514757	4514825	0.21875
4768459	4768580	0.21875
7985799	7986177	0.0
4870808	4873083	0.8125
4817583	4817664	0
4748170	4748338	0.9375
4820499	4820652	0
4589165	4589175	0
15711184	15711187	0
4723110	4723194	0.0
15145916	15145990	0
12540049	12540239	0
15723779	15723788	0
4583436	4583634	0
15723310	15723332	0
4806270	4806365	0
15142957	15143445	2.5
4907224	4907340	0
4604815	4604851	0
4696792	4697184	0
4626258	4626273	0.0
4791581	4791611	0
15677090	15677104	0
4680191	4680210	0
7118614	7118618	0
15698555	15698675	0
15742197	15742216	0
12517533	12517849	0.21875
7134570	7134596	0
12539400	12539401	0.5
7126202	7126246	0
7086025	7086297	0.0
4810039	4810073	0
4627031	4627038	0
4809751	4809925	0
15691077	15691146	0
4562426	4562484	0
4719206	4719430	0
15744372	15744415	0
12489504	12489517	0
4633119	4633135	0
7072786	7072934	0.0
15711688	15711709	0
4862264	4862274	0
15707564	15707623	0
4626287	4626289	0
4913334	4913600	0.375
15742821	15742823	0
4626873	4626904	0
15134019	15134132	0
4878931	4878958	0
7140826	7140863	0
8005432	8005518	0
4795969	4796136	0
7133793	7134147	0.4375
4810702	4810703	0
4565006	4565045	0
4549593	4549598	0
15697806	15697832	0
12512770	12512914	0.84375
4904671	4904782	0
4562229	4562242	0
12485658	12485666	0
12543045	12543257	0
4540842	4540846	0
7112671	7112823	0
12533960	12534031	0
7997613	7997803	0
4582669	4582678	0
7144841	7145217	0.0
4754396	4754397	0
7119665	7119691	0
12504709	12504717	0
4546184	4546186	0
12486810	12487269	0.0
7070638	7070697	0.0
4700250	4700277	0
12484155	12484212	0.375
8003495	8003823	0.0
15742159	15742190	0
15142074	15142120	0
4564913	4564989	0
12532953	12532977	0
15702311	15702685	0.0
15697982	15697993	0
15146964	15147024	1.0
4749512	4749785	0.46875
4675536	4675600	0
7140719	7140760	0.21875
15705294	15705394	0
12494031	12494240	0
12516859	12517043	0.46875
7161299	7161560	0.375
8006311	8007600	2.71875
4845564	4845614	0
15673450	15673463	0
4564479	4564515	0
4804355	4804378	0
12506247	12506615	0.65625
4681380	4681504	0
12530220	12530223	0
15717900	15717916	0
12528169	12528577	0.375
4875713	4875745	0
4609187	4609188	0
4730830	4730841	0
4582636	4582643	0
4753825	4753924	0
4547977	4548031	0
4601493	4602214	1.875
4793196	4793814	0.21875
15134770	15135425	0.21875
4672094	4672272	0.375
4742933	4743481	0.5
12494965	12495105	0
4881245	4881279	0
15694939	15694948	0
4546008	4546167	0
14448363	14448402	0
15684148	15684192	0
4810599	4810696	0
4806367	4806975	0.4375
12528774	12529221	0.96875
7139630	7139883	0.21875
4762668	4762786	0.21875
15703477	15703701	0
4804502	4804684	0
4768664	4768815	0.21875
7072751	7072783	0
4694724	4694828	0
15136663	15136832	0.59375
4804105	4804113	0
15677358	15677632	0.0
12478332	12478364	0
15671802	15671812	0
4634224	4634314	0
15142183	15142881	0.0
4879899	4879923	0
15711556	15711568	0
12543488	12543526	0
15686872	15686883	0.0
7119553	7119571	0
15707734	15707751	0
7140921	7140930	0
7119791	7119795	0
4838142	4838509	0.21875
4712068	4712390	0.9375
4790960	4790961	0
4754080	4754139	0
12512414	12512576	0
15727906	15727917	0
7082119	7083034	0.9375
4790349	4790696	0.0
4554695	4554747	0.21875
15708744	15708797	0
4863819	4863833	0
7100784	7101298	0.5
4661176	4661193	0
15726006	15726105	0.4375
15745561	15745567	0
4668431	4668436	0
12511179	12511189	0
4704572	4704630	0
7141413	7141518	0
7160835	7160946	0
4745947	4746577	0.5
12521541	12521562	0
4799817	4799826	0
4608274	4608405	0.75
12527967	12528010	0
12497713	12497970	0
4599346	4599424	0
15699331	15699449	0.0
4731310	4731312	0.375
14448553	14448559	0
15744094	15744116	0
12479795	12480004	0.59375
7073710	7074348	1.15625
15715566	15715574	0
4717347	4717348	0
4638440	4638447	0
15138007	15138009	0
4686784	4687131	1.34375
4626290	4626585	0.375
7137572	7137637	0
15712179	15712263	0
12528030	12528072	0
15698835	15698935	0.46875
4704925	4705127	0
7126396	7126577	0.0
14447804	14447806	0
4703512	4703623	0
4899628	4899698	0
4805826	4805845	0
15687011	15687201	0
7167511	7167516	0
7169950	7170672	2.40625
7131502	7131758	0.9375
7985611	7985615	0
4808186	4808397	0
12477744	12477746	0
12496685	12496694	0
15714892	15715362	0.6875
12504897	12505092	0.21875
12500782	12500801	0
4609131	4609153	0
4731313	4731404	0.375
15149469	15149475	0
4920383	4920501	0
4600541	4600570	0
4889776	4889779	0
4656406	4656408	0
4661154	4661165	0
4783087	4783608	0.84375
4745001	4745473	0.5
15731131	15731303	0
4810357	4810593	0
12489361	12489415	0.0
4889801	4889820	0
15723999	15724011	0
4876518	4876543	0
12515711	12515715	0
7091400	7092252	3.46875
4633452	4633512	0
7982776	7982875	0
12518160	12518161	0
15705869	15705870	0
7095719	7095722	0
4538499	4538934	0.0
7979694	7980050	0.0
4547367	4547969	0
7156695	7156706	0
14448406	14448467	0
15731645	15731695	0
7985623	7985624	0
4724168	4724186	0
12498744	12498879	0
4618659	4619192	0.4375
7073081	7073181	0
4585485	4585932	0.375
4618150	4618151	0
4638637	4638680	0
7161078	7161101	0
4654220	4654226	0
12485965	12485966	0
12500803	12500804	0
4562188	4562219	0
15724022	15724111	0
8000820	8000864	0.0
4548663	4548675	0
15719207	15719294	0
15723566	15723578	0
4887959	4888338	0.6875
7147250	7147314	0
4904822	4904868	0
4618154	4618658	0.0
12475199	12475201	0
15724116	15724249	0
4560452	4560612	1.125
12543533	12543568	0
4582450	4582535	0.65625
4654204	4654210	0
15721594	15721598	0
15712135	15712170	0
12521243	12521253	0
7168966	7169420	0.6875
14447911	14447926	0
12503771	12503804	0
12514214	12514576	0.9375
4764257	4764980	0.4375
15727135	15727147	0
4599303	4599334	0.0
12470668	12470739	0
4843592	4843604	0
4792738	4792813	0
12529226	12529243	0
7093054	7093107	0
4874802	4874965	0.21875
12497574	12497710	0
15705645	15705656	0
4508069	4508070	0
15133460	15133480	0
15721228	15721231	0
4705241	4705261	0
7992322	7992323	0
15684242	15684252	0
12527392	12527876	0.59375
8007603	8007617	0
7108793	7109277	0.0
12490108	12490116	0
12496390	12496392	0
4560051	4560450	1.5
15745595	15745615	0
4629322	4629357	0
7165334	7165359	0
4541008	4541115	0
14448342	14448356	0
4580754	4581606	1.40625
15138247	15138358	0.59375
4670273	4670328	0
12521473	12521537	0.75
7113685	7113688	0
8001631	8001675	0.375
4731527	4731541	0
4891860	4891865	0
15727042	15727048	0
15683189	15683255	0
7123964	7123977	0
4822674	4822675	0
7069432	7069850	1.78125
12506048	12506058	0
15682694	15682764	0
4804218	4804231	0
15143583	15143710	0.46875
15728138	15728374	0.9375
15722858	15722889	0
4697364	4697366	0
12512580	12512710	0
7095226	7095227	0
4714881	4714956	0.0
7145417	7145898	0.21875
15133142	15133220	0.21875
15681569	15682385	0.375
4580098	4580131	0
4561932	4562173	0
4582538	4582550	0
4540688	4540690	0
4601165	4601373	0
4925203	4925468	0.21875
7167154	7167218	0
4644424	4644437	0
4825172	4825193	0
15701298	15701341	0
4827793	4828505	0.21875
12531251	12531312	0
4564286	4564473	0.375
15149699	15149745	0
4758058	4758097	0
8005290	8005296	0
12525037	12525135	0
4905984	4905997	0
4703811	4703851	0
4882049	4882241	0.0
4514829	4514991	0.46875
4669778	4670268	0.21875
7141521	7142028	0
12507739	12507746	0
15693167	15693317	0
4903482	4903599	0.0
4617225	4617612	0.0
4627178	4627208	0
15708312	15708338	0
15722967	15723004	0
7132912	7132931	0
15727199	15727205	0
4638580	4638622	0
15672278	15672293	0.5
4844117	4844317	0
7089192	7089193	0
4830417	4830840	0.65625
4654329	4654452	0.0
4643205	4643274	0
4665876	4666102	0
4671004	4671051	0
15711188	15711189	0
4720629	4720737	0
15682436	15682564	0
12484305	12484312	0
4806986	4807015	0
4922202	4922449	0.21875
4579600	4579668	0
4598538	4598775	0.0
12517092	12517524	0
4750598	4750643	0.46875
4514203	4514394	0.21875
12480009	12480193	0.21875
4782152	4782305	0.375
4836107	4836159	0
4836364	4836920	0.0
15149481	15149482	0
12511258	12511269	0
12516452	12516460	0
15727049	15727089	0
4745823	4745826	0
12533456	12533459	0
4654039	4654125	0
4807045	4807074	0
12496364	12496374	0
7110947	7110958	0
15132025	15132030	0
4795874	4795922	0
4547006	4547011	0
12543664	12543691	0
8005049	8005056	0
7111024	7111433	0.71875
4805440	4805669	0.6875
4787286	4787528	0.0
4589070	4589077	0
15738903	15738990	0
4808166	4808183	0
4659788	4659799	0
15697511	15697801	0
15679555	15679556	0
4759204	4759302	0
4668963	4669024	0
4596705	4596718	0
4810261	4810327	0
12511524	12511534	0
4713173	4713322	0
4834423	4834426	0
7098499	7098631	1.15625
4673275	4673357	0
12514750	12515160	1.78125
4782319	4782892	0.75
15672301	15672450	0
15674406	15674493	0
15720612	15720852	0.21875
15136118	15136662	1.09375
7072449	7072484	0
4528141	4528296	0
15707684	15707729	0
7125062	7125356	0.46875
15723700	15723707	0
4713387	4713901	0
7998552	7998761	0
4523889	4523890	0
12515585	12515694	0.46875
15693678	15693977	0.375
12539342	12539352	0
15731317	15731556	0.0
4613704	4613928	0.4375
15726499	15726503	0
7135297	7135298	0
4662958	4662985	0
4633091	4633093	0
4858002	4858016	0
15136834	15136893	0
4743943	4744282	0
15681526	15681549	0
4901661	4901665	0
7165364	7165730	0.0
4882998	4883568	0.21875
4846393	4846616	0
4882508	4882550	0
4672745	4672871	0
4894476	4894487	0
4807241	4807258	0
4889660	4889663	0
4585002	4585003	0
7176265	7176724	0.9375
4527312	4527492	0
7131771	7131814	0
4800411	4800432	0
4802834	4802864	0
4676407	4676485	0
12533011	12533014	0
15729231	15729263	0
12511988	12512027	0.21875
4589286	4589614	0.0
4785733	4785886	0
4594344	4594350	0
15712430	15712842	0.6875
15718730	15718737	0
4593143	4593220	0
15722893	15722905	0
15701272	15701295	0
4667664	4667765	0
4838746	4839140	0.4375
7068322	7068750	1.625
4633270	4633375	0.46875
4832789	4832813	0
15711487	15711498	0
15694935	15694937	0
7068152	7068158	0
4662140	4662162	0
7162123	7162595	0.5
7070959	7071274	0.0
7126346	7126386	0
15674921	15674922	0
4781815	4781855	0
4791009	4791012	0
15711717	15711937	0
7159156	7159311	0
14448207	14448337	0
15720609	15720610	0
4633415	4633443	0
7119780	7119785	0
4654718	4654979	0.21875
4653164	4653196	0
12516190	12516195	0
4724304	4724384	0
4718628	4719032	0.375
15692607	15692704	0.46875
12498714	12498723	0
4680401	4680449	0
15138022	15138051	0
15149754	15149829	0
12496353	12496361	0
4565760	4566052	0.375
4850177	4850368	0
4680224	4680232	0
4793822	4793933	0.0
4865481	4865537	0
4754920	4754926	0
15130852	15130854	0
4744833	4744887	0
4849844	4849854	0
4878967	4879207	0.375
14447812	14447865	0
15130217	15130271	0
15671891	15671957	0
7122256	7122734	0.375
15705491	15705588	0.0
4558379	4558694	0.0
15138367	15138781	0.375
4751178	4751269	0
12498498	12498502	0
15692938	15693162	0.0
12497017	12497030	0
4685783	4685936	0.375
15672044	15672152	0
4828506	4828510	0
4779813	4779834	0
4864096	4864265	0.21875
4548885	4548977	0
4656135	4656375	0
4597980	4598277	0.0
4825321	4826016	1.53125
12498339	12498412	0.0
15698984	15699330	0.9375
4560025	4560037	0
15673121	15673140	0
4878579	4878715	0
4911882	4911928	0
4619762	4619846	0
7158172	7158177	0
4843664	4843668	0
15730374	15730597	0.21875
15686790	15686793	0
4572097	4572099	0
15711515	15711517	0
12512264	12512407	0
7124013	7124026	0
4671770	4671772	0
15739425	15739503	0
4550234	4550698	0.21875
15138175	15138176	0
7985634	7985649	0
4809276	4809311	0
7163475	7163913	0.46875
4695822	4695839	0
12532165	12532181	0
15682805	15682811	0
4634316	4634317	0
4669722	4669728	0
15691345	15691489	0
4751162	4751167	0
15680897	15681025	0.75
4882670	4882906	0.0
4581680	4581781	0
15694953	15694961	0
4549401	4549588	0
4903690	4903715	0
15672030	15672041	0
7159575	7159577	0
15723586	15723591	0
15137607	15137614	0
12529937	12529961	0
7119585	7119628	0
12532839	12532844	0
12529686	12529900	0.0
7178718	7178722	0
4543664	4543773	0
7171159	7171377	0.84375
4706946	4706991	0
4652779	4652780	0.21875
7161954	7161988	0
4849035	4849681	0
15700026	15700193	0.0
15133510	15133594	0
12496753	12496797	0.0
7989863	7990062	0.46875
15699674	15699753	0
7166160	7166273	0.5
4907770	4907774	0
15695016	15695068	0.0
4587645	4587652	0
7129601	7129643	0
4804320	4804349	0
7094828	7095221	0.0
4835898	4836097	0
15730669	15730689	0
7099589	7099590	0.46875
7168670	7168852	0.21875
15673484	15673543	0
15681397	15681451	0
15744933	15745336	0.0
12532232	12532239	0
12495111	12495155	0.21875
15716392	15716403	0
4725030	4725218	0.375
7132731	7132808	0.0
4851238	4851244	0
4752998	4753116	0.21875
7096726	7096810	0.59375
4758102	4758328	0
7101348	7101361	0
4743839	4743855	0
4589668	4589977	0.21875
15745431	15745447	0
15716507	15716605	0
4639521	4640153	0
4514523	4514606	0.46875
4619847	4619885	0
15726370	15726411	0
15143870	15143933	0
4617767	4617796	0
4709090	4709714	0.0
4552891	4553332	0
12504288	12504298	0
4570604	4570647	0.21875
4847916	4848028	0.21875
4585933	4585965	0
4828557	4828806	0.6875
4723004	4723103	0
15714359	15714527	0.46875
4608427	4609054	0.375
7087788	7087853	0.0
12515304	12515541	0.21875
12502189	12502437	1.03125
4733263	4733610	0.46875
15691224	15691225	0
4672389	4672473	0
4830255	4830408	0
15727882	15727892	0
4802871	4803404	0.65625
7069874	7069918	0
4906367	4906431	0
12518770	12518771	0
15711581	15711583	0
15134352	15134634	0
12532221	12532222	0
7988814	7989243	0
4678283	4678360	0
15721038	15721103	0
15684211	15684227	0
7074711	7074714	0
4897989	4898177	0.0
4898242	4898351	0
15138096	15138099	0
7169422	7169474	0
12469834	12469858	0
12529342	12529403	0
15674052	15674086	0.0
12497556	12497571	0
12539738	12539744	0
12531716	12531791	0
4762498	4762509	0
4694988	4695101	0
12507312	12507416	0
12470260	12470262	0
7169689	7169764	0
7149100	7149120	0
12471457	12471601	0.5
12483551	12484150	2.3125
12518946	12519178	0
12494506	12494557	0
4766612	4766676	0.46875
12511436	12511439	0
12485436	12485444	0
7177749	7177760	0
15745623	15745628	0
4818045	4818057	0
7073182	7073190	0
15726416	15726493	0
7990897	7991093	0
12494887	12494928	0
7985730	7985794	0
4710063	4710227	0.46875
4800435	4800532	0
8004228	8004275	0.0
4617797	4617865	0
4583718	4584235	0
7106242	7106760	0.0
4723283	4723345	0.0
4523139	4523196	0
4762337	4762340	0
4822664	4822665	0
8001766	8002994	2.3125
12504686	12504692	0
4789826	4790286	0.46875
7135493	7135549	0
12489972	12489974	0
4704884	4704890	0
12519262	12519278	0
4548980	4548981	0
4889333	4889405	0
4841622	4841742	0
15725413	15725914	0.6875
15725948	15725966	0
4586899	4586934	0
4890911	4890964	0.0
12527880	12527909	0
4818307	4818331	0
4657528	4657602	0.21875
7142039	7142084	0
4651427	4651558	0
15705405	15705461	0.0
7077228	7077318	0
4790963	4790968	0
15708918	15709225	0
4617211	4617224	0
4818390	4818556	0
4671773	4671890	0
15685673	15685674	0
4731489	4731523	0.375
15671646	15671765	0.5
7073270	7073526	0.21875
4804060	4804098	0
4560045	4560050	0
7998296	7998370	0
4652501	4652592	0
4682929	4683130	0
14448496	14448498	0
12537512	12537810	0.0
